<?xml version="1.0" encoding="UTF-8"?>
<!-- Generated by org.testng.reporters.JUnitReportReporter -->
<testsuite hostname="Anishs-MBP.fios-router.home" failures="0" tests="1" name="FrameworkProject.HomePage" time="14.008" errors="0" timestamp="2022-01-17T16:39:12 EST" skipped="0">
  <testcase classname="FrameworkProject.HomePage" name="basePageNavigation" time="14.008"/>
  <system-out/>
</testsuite> <!-- FrameworkProject.HomePage -->
