<?xml version="1.0" encoding="UTF-8"?>
<!-- Generated by org.testng.reporters.JUnitReportReporter -->
<testsuite hostname="Anishs-MBP.fios-router.home" failures="0" tests="1" name="FrameworkProject.AppTest" time="0.000" errors="0" timestamp="2022-01-25T12:31:27 EST" skipped="0">
  <testcase classname="FrameworkProject.AppTest" name="shouldAnswerWithTrue" time="0.000"/>
  <system-out/>
</testsuite> <!-- FrameworkProject.AppTest -->
