<?xml version="1.0" encoding="UTF-8"?>
<!-- Generated by org.testng.reporters.JUnitReportReporter -->
<testsuite hostname="Anishs-MBP.fios-router.home" failures="0" tests="2" name="FrameworkProject.ValidateTitleTest" time="0.046" errors="0" timestamp="2022-01-25T19:42:54 EST" skipped="0">
  <testcase classname="FrameworkProject.ValidateTitleTest" name="basePageText" time="0.025"/>
  <system-out/>
  <testcase classname="FrameworkProject.ValidateTitleTest" name="baseHeaderText" time="0.021"/>
  <system-out/>
</testsuite> <!-- FrameworkProject.ValidateTitleTest -->
