<?xml version="1.0" encoding="UTF-8"?>
<!-- Generated by org.testng.reporters.JUnitReportReporter -->
<testsuite hostname="Anishs-MBP.fios-router.home" failures="0" tests="2" name="FrameworkProject.HomePageTest" time="21.671" errors="0" timestamp="2022-01-25T19:42:54 EST" skipped="0">
  <testcase classname="FrameworkProject.HomePageTest" name="basePageNavigation" time="8.874"/>
  <system-out/>
  <testcase classname="FrameworkProject.HomePageTest" name="basePageNavigation" time="12.797"/>
  <system-out/>
</testsuite> <!-- FrameworkProject.HomePageTest -->
