<?xml version="1.0" encoding="UTF-8"?>
<!-- Generated by org.testng.reporters.JUnitReportReporter -->
<testsuite hostname="Anishs-MBP.fios-router.home" failures="0" tests="1" name="FrameworkProject.ValidateNavLinks" time="0.032" errors="0" timestamp="2022-01-25T19:42:54 EST" skipped="0">
  <testcase classname="FrameworkProject.ValidateNavLinks" name="basePageNavLinks" time="0.032"/>
  <system-out/>
</testsuite> <!-- FrameworkProject.ValidateNavLinks -->
